<?xml version="1.0" encoding="UTF-8"?>
<testng-results skipped="0" failed="0" ignored="0" total="1" passed="1">
  <reporter-output>
  </reporter-output>
  <suite name="Default suite" duration-ms="8289" started-at="2017-12-04T04:47:56Z" finished-at="2017-12-04T04:48:04Z">
    <groups>
    </groups>
    <test name="Default test" duration-ms="8289" started-at="2017-12-04T04:47:56Z" finished-at="2017-12-04T04:48:04Z">
      <class name="dropdown.FacebookDropdown2">
        <test-method status="PASS" signature="DDValues()[pri:0, instance:dropdown.FacebookDropdown2@6d00a15d]" name="DDValues" duration-ms="8270" started-at="2017-12-03T23:47:56Z" finished-at="2017-12-03T23:48:04Z">
          <reporter-output>
          </reporter-output>
        </test-method> <!-- DDValues -->
      </class> <!-- dropdown.FacebookDropdown2 -->
    </test> <!-- Default test -->
  </suite> <!-- Default suite -->
</testng-results>
